<?xml version="1.0" encoding="UTF-8"?>
<!-- Generated by org.testng.reporters.JUnitReportReporter -->
<testsuite hostname="DESKTOP-GKE364G" failures="0" tests="1" name="Shopperstack_TestScripts.TC_001_Verify_User_Is_Able_To_Add_Address_Or_Not" time="19.626" errors="0" timestamp="2024-11-15T11:53:55 IST" skipped="0">
  <testcase classname="Shopperstack_TestScripts.TC_001_Verify_User_Is_Able_To_Add_Address_Or_Not" name="addAdress" time="19.626"/>
</testsuite> <!-- Shopperstack_TestScripts.TC_001_Verify_User_Is_Able_To_Add_Address_Or_Not -->
