<?xml version="1.0" encoding="UTF-8"?>
<!-- Generated by org.testng.reporters.JUnitReportReporter -->
<testsuite hostname="DESKTOP-GKE364G" failures="0" tests="1" name="Shopperstack_TestScripts.TC_003_verify_User_Is_Able_To_Add_Product_to_Cart_or_not" time="43.647" errors="0" timestamp="2024-11-19T08:25:22 IST" skipped="0">
  <testcase classname="Shopperstack_TestScripts.TC_003_verify_User_Is_Able_To_Add_Product_to_Cart_or_not" name="orderProduct" time="43.647"/>
</testsuite> <!-- Shopperstack_TestScripts.TC_003_verify_User_Is_Able_To_Add_Product_to_Cart_or_not -->
